2021-08-24 18:13:50 -  - exec CUpdateClientPartner::SearchModulesEx
2021-08-24 18:13:50 -  - exec CUpdateClientPartner::__CollectRequestData
2021-08-24 18:13:50 -  - utf=Y&lang=ru&stable=Y&CANGZIP=Y&SUPD_DBS=MYSQL&XE=N&CLIENT_SITE=test-x-page2&LICENSE_KEY=X&SUPD_STS=1&SUPD_URS=0&SUPD_URSA=1&TYPENC=D&CLIENT_PHPVER=7.3.2&NGINX=Y&dbv=5.7.25&instm=main%2C21.400.100%2CY%3Bb24connector%2C21.0.0%2CN%3Bbitrix.sitecorporate%2C15.5.0%2CN%3Bbitrixcloud%2C21.0.0%2CN%3Bclouds%2C21.100.0%2CN%3Bfileman%2C21.200.0%2CN%3Bhighloadblock%2C21.100.0%2CN%3Biblock%2C21.400.100%2CN%3Blanding%2C21.300.300%2CN%3Bmessageservice%2C21.100.0%2CN%3Bperfmon%2C21.0.0%2CN%3Brest%2C21.200.0%2CN%3Bsearch%2C21.0.100%2CN%3Bseo%2C21.300.0%2CN%3Bsocialservices%2C21.100.0%2CN%3Btranslate%2C21.100.0%2CN%3Bui%2C21.300.0%2CN&search_module_id=&search_module=&search_category=7%2C14&search_type=&search_order=DESC&search_order_by=SORT&search_page=1&SUPD_SRS=RU&SUPD_CMP=N
2021-08-24 18:13:50 -  - exec CUpdateClientPartner::GetHTTPPage
2021-08-24 18:13:51 -  - TIME SearchModulesEx(request) 1.157 sec
2021-08-24 18:13:51 -  - exec CUpdateClientPartner::ParseServerData
2021-08-24 18:14:26 -  - exec CUpdateClientPartner::SearchModulesEx
2021-08-24 18:14:26 -  - exec CUpdateClientPartner::__CollectRequestData
2021-08-24 18:14:26 -  - utf=Y&lang=ru&stable=Y&CANGZIP=Y&SUPD_DBS=MYSQL&XE=N&CLIENT_SITE=test-x-page2&LICENSE_KEY=X&SUPD_STS=1&SUPD_URS=0&SUPD_URSA=1&TYPENC=D&CLIENT_PHPVER=7.3.2&NGINX=Y&dbv=5.7.25&instm=main%2C21.400.100%2CY%3Bb24connector%2C21.0.0%2CN%3Bbitrix.sitecorporate%2C15.5.0%2CN%3Bbitrixcloud%2C21.0.0%2CN%3Bclouds%2C21.100.0%2CN%3Bfileman%2C21.200.0%2CN%3Bhighloadblock%2C21.100.0%2CN%3Biblock%2C21.400.100%2CN%3Blanding%2C21.300.300%2CN%3Bmessageservice%2C21.100.0%2CN%3Bperfmon%2C21.0.0%2CN%3Brest%2C21.200.0%2CN%3Bsearch%2C21.0.100%2CN%3Bseo%2C21.300.0%2CN%3Bsocialservices%2C21.100.0%2CN%3Btranslate%2C21.100.0%2CN%3Bui%2C21.300.0%2CN&search_module_id=&search_module=&search_category=7%2C14&search_type=&search_order=DESC&search_order_by=SORT&search_page=1&SUPD_SRS=RU&SUPD_CMP=N
2021-08-24 18:14:26 -  - exec CUpdateClientPartner::GetHTTPPage
2021-08-24 18:14:27 -  - TIME SearchModulesEx(request) 1.151 sec
2021-08-24 18:14:27 -  - exec CUpdateClientPartner::ParseServerData
2021-08-24 18:14:37 -  - exec CUpdateClientPartner::SearchModulesEx
2021-08-24 18:14:37 -  - exec CUpdateClientPartner::__CollectRequestData
2021-08-24 18:14:37 -  - utf=Y&lang=ru&stable=Y&CANGZIP=Y&SUPD_DBS=MYSQL&XE=N&CLIENT_SITE=test-x-page2&LICENSE_KEY=X&SUPD_STS=1&SUPD_URS=0&SUPD_URSA=1&TYPENC=D&CLIENT_PHPVER=7.3.2&NGINX=Y&dbv=5.7.25&instm=main%2C21.400.100%2CY%3Bb24connector%2C21.0.0%2CN%3Bbitrix.sitecorporate%2C15.5.0%2CN%3Bbitrixcloud%2C21.0.0%2CN%3Bclouds%2C21.100.0%2CN%3Bfileman%2C21.200.0%2CN%3Bhighloadblock%2C21.100.0%2CN%3Biblock%2C21.400.100%2CN%3Blanding%2C21.300.300%2CN%3Bmessageservice%2C21.100.0%2CN%3Bperfmon%2C21.0.0%2CN%3Brest%2C21.200.0%2CN%3Bsearch%2C21.0.100%2CN%3Bseo%2C21.300.0%2CN%3Bsocialservices%2C21.100.0%2CN%3Btranslate%2C21.100.0%2CN%3Bui%2C21.300.0%2CN&search_module_id=&search_module=&search_category=7%2C14&search_type=&search_order=DESC&search_order_by=SORT&search_page=1&SUPD_SRS=RU&SUPD_CMP=N
2021-08-24 18:14:37 -  - exec CUpdateClientPartner::GetHTTPPage
2021-08-24 18:14:38 -  - TIME SearchModulesEx(request) 0.956 sec
2021-08-24 18:14:38 -  - exec CUpdateClientPartner::ParseServerData
2021-08-24 18:14:46 -  - exec CUpdateClientPartner::LoadModulesUpdates
2021-08-24 18:14:46 -  - exec CUpdateClientPartner::__CollectRequestData
2021-08-24 18:14:46 -  - utf=Y&lang=ru&stable=Y&CANGZIP=Y&SUPD_DBS=MYSQL&XE=N&CLIENT_SITE=test-x-page2&LICENSE_KEY=X&SUPD_STS=1&SUPD_URS=0&SUPD_URSA=1&TYPENC=D&CLIENT_PHPVER=7.3.2&NGINX=Y&dbv=5.7.25&instm=main%2C21.400.100%2CY%3Bb24connector%2C21.0.0%2CN%3Bbitrix.sitecorporate%2C15.5.0%2CN%3Bbitrixcloud%2C21.0.0%2CN%3Bclouds%2C21.100.0%2CN%3Bfileman%2C21.200.0%2CN%3Bhighloadblock%2C21.100.0%2CN%3Biblock%2C21.400.100%2CN%3Blanding%2C21.300.300%2CN%3Bmessageservice%2C21.100.0%2CN%3Bperfmon%2C21.0.0%2CN%3Brest%2C21.200.0%2CN%3Bsearch%2C21.0.100%2CN%3Bseo%2C21.300.0%2CN%3Bsocialservices%2C21.100.0%2CN%3Btranslate%2C21.100.0%2CN%3Bui%2C21.300.0%2CN&reqm=nsandrey.emptyinstall&lim=Y&SUPD_SRS=RU&SUPD_CMP=N
2021-08-24 18:14:46 -  - exec CUpdateClientPartner::GetHTTPPage
2021-08-24 18:14:46 -  - TIME LoadModulesUpdates(request) 0.279 sec
2021-08-24 18:14:46 -  - exec CUpdateClientPartner::ParseServerData
2021-08-24 18:14:46 - S - STEP
2021-08-24 18:14:46 - LM4W01 - loadModule4Wizard-Step
2021-08-24 18:14:47 -  - exec CUpdateClientPartner::LoadModulesUpdates
2021-08-24 18:14:47 -  - exec CUpdateClientPartner::ParseServerData
2021-08-24 18:14:47 -  - loadFile
2021-08-24 18:14:47 - U - RETURN
2021-08-24 18:14:47 -  - exec CUpdateClientPartner::UnGzipArchive
2021-08-24 18:14:47 -  - TIME UnGzipArchive 0.215 sec
2021-08-24 18:14:47 -  - TIME UpdateStepModules 0.114 sec
2021-08-24 18:14:48 -  - exec CUpdateClientPartner::LoadModulesUpdates
2021-08-24 18:14:48 -  - exec CUpdateClientPartner::__CollectRequestData
2021-08-24 18:14:48 -  - utf=Y&lang=ru&stable=Y&CANGZIP=Y&SUPD_DBS=MYSQL&XE=N&CLIENT_SITE=test-x-page2&LICENSE_KEY=X&SUPD_STS=1&SUPD_URS=0&SUPD_URSA=1&TYPENC=D&CLIENT_PHPVER=7.3.2&NGINX=Y&dbv=5.7.25&instm=main%2C21.400.100%2CY%3Bb24connector%2C21.0.0%2CN%3Bbitrix.sitecorporate%2C15.5.0%2CN%3Bbitrixcloud%2C21.0.0%2CN%3Bclouds%2C21.100.0%2CN%3Bfileman%2C21.200.0%2CN%3Bhighloadblock%2C21.100.0%2CN%3Biblock%2C21.400.100%2CN%3Blanding%2C21.300.300%2CN%3Bmessageservice%2C21.100.0%2CN%3Bnsandrey.emptyinstall%2C1.0.5%2CN%3Bperfmon%2C21.0.0%2CN%3Brest%2C21.200.0%2CN%3Bsearch%2C21.0.100%2CN%3Bseo%2C21.300.0%2CN%3Bsocialservices%2C21.100.0%2CN%3Btranslate%2C21.100.0%2CN%3Bui%2C21.300.0%2CN&reqm=nsandrey.emptyinstall&lim=Y&SUPD_SRS=RU&SUPD_CMP=N
2021-08-24 18:14:48 -  - exec CUpdateClientPartner::GetHTTPPage
2021-08-24 18:14:48 -  - TIME LoadModulesUpdates(request) 0.305 sec
2021-08-24 18:14:48 -  - exec CUpdateClientPartner::ParseServerData
2021-08-24 18:14:48 - STEP - Finish - NOUPDATES
2021-08-24 18:14:48 - LM4W03 - Finish - NOUPDATES
2021-08-24 18:15:15 -  - exec CUpdateClientPartner::__CollectRequestData
2021-08-24 18:15:15 -  - exec CUpdateClientPartner::GetHTTPPage
2021-08-24 18:15:16 -  - exec CUpdateClientPartner::ParseServerData
2021-08-24 18:15:16 -  - exec CUpdateClientPartner::GetUpdatesList
2021-08-24 18:15:16 -  - exec CUpdateClientPartner::__CollectRequestData
2021-08-24 18:15:16 -  - utf=Y&lang=ru&stable=Y&CANGZIP=Y&SUPD_DBS=MYSQL&XE=N&CLIENT_SITE=test-x-page2&LICENSE_KEY=X&SUPD_STS=1&SUPD_URS=0&SUPD_URSA=1&TYPENC=D&CLIENT_PHPVER=7.3.2&NGINX=Y&dbv=5.7.25&instm=main%2C21.400.100%2CY%3Bb24connector%2C21.0.0%2CN%3Bbitrix.sitecorporate%2C15.5.0%2CN%3Bbitrixcloud%2C21.0.0%2CN%3Bclouds%2C21.100.0%2CN%3Bfileman%2C21.200.0%2CN%3Bhighloadblock%2C21.100.0%2CN%3Biblock%2C21.400.100%2CN%3Blanding%2C21.300.300%2CN%3Bmessageservice%2C21.100.0%2CN%3Bnsandrey.emptyinstall%2C1.0.5%2CN%3Bperfmon%2C21.0.0%2CN%3Brest%2C21.200.0%2CN%3Bsearch%2C21.0.100%2CN%3Bseo%2C21.300.0%2CN%3Bsocialservices%2C21.100.0%2CN%3Btranslate%2C21.100.0%2CN%3Bui%2C21.300.0%2CN&reqm=bitrix.sitecorporate%2Cnsandrey.emptyinstall&fullmoduleinfo=Y&SUPD_SRS=RU&SUPD_CMP=N
2021-08-24 18:15:16 -  - exec CUpdateClientPartner::GetHTTPPage
2021-08-24 18:15:16 -  - TIME GetUpdatesList(request) 0.267 sec
2021-08-24 18:15:16 -  - exec CUpdateClientPartner::ParseServerData
2021-08-24 18:15:16 -  - exec CUpdateClientPartner::__CollectRequestData
2021-08-24 18:15:16 -  - exec CUpdateClientPartner::GetHTTPPage
2021-08-24 18:15:16 -  - exec CUpdateClientPartner::ParseServerData
2021-08-24 18:20:23 -  - exec CUpdateClientPartner::GetUpdatesList
2021-08-24 18:20:23 -  - exec CUpdateClientPartner::__CollectRequestData
2021-08-24 18:20:23 -  - utf=Y&lang=ru&stable=Y&CANGZIP=Y&SUPD_DBS=MYSQL&XE=N&CLIENT_SITE=test-x-page2&LICENSE_KEY=X&SUPD_STS=1&SUPD_URS=0&SUPD_URSA=1&TYPENC=D&CLIENT_PHPVER=7.3.2&NGINX=Y&dbv=5.7.25&instm=main%2C21.400.100%2CY%3Bb24connector%2C21.0.0%2CN%3Bbitrix.sitecorporate%2C15.5.0%2CN%3Bbitrixcloud%2C21.0.0%2CN%3Bclouds%2C21.100.0%2CN%3Bfileman%2C21.200.0%2CN%3Bhighloadblock%2C21.100.0%2CN%3Biblock%2C21.400.100%2CN%3Blanding%2C21.300.300%2CN%3Bmessageservice%2C21.100.0%2CN%3Bnsandrey.emptyinstall%2C1.0.5%2CN%3Bperfmon%2C21.0.0%2CN%3Brest%2C21.200.0%2CN%3Bsearch%2C21.0.100%2CN%3Bseo%2C21.300.0%2CN%3Bsocialservices%2C21.100.0%2CN%3Btranslate%2C21.100.0%2CN%3Bui%2C21.300.0%2CN&reqm=bitrix.sitecorporate%2Cnsandrey.emptyinstall%2Cgrain.flood&SUPD_SRS=RU&SUPD_CMP=N
2021-08-24 18:20:23 -  - exec CUpdateClientPartner::GetHTTPPage
2021-08-24 18:20:23 -  - TIME GetUpdatesList(request) 0.468 sec
2021-08-24 18:20:23 -  - exec CUpdateClientPartner::ParseServerData
2021-08-24 18:20:28 -  - exec CUpdateClientPartner::LoadModulesUpdates
2021-08-24 18:20:28 -  - exec CUpdateClientPartner::__CollectRequestData
2021-08-24 18:20:28 -  - utf=Y&lang=ru&stable=Y&CANGZIP=Y&SUPD_DBS=MYSQL&XE=N&CLIENT_SITE=test-x-page2&LICENSE_KEY=X&SUPD_STS=1&SUPD_URS=0&SUPD_URSA=1&TYPENC=D&CLIENT_PHPVER=7.3.2&NGINX=Y&dbv=5.7.25&instm=main%2C21.400.100%2CY%3Bb24connector%2C21.0.0%2CN%3Bbitrix.sitecorporate%2C15.5.0%2CN%3Bbitrixcloud%2C21.0.0%2CN%3Bclouds%2C21.100.0%2CN%3Bfileman%2C21.200.0%2CN%3Bhighloadblock%2C21.100.0%2CN%3Biblock%2C21.400.100%2CN%3Blanding%2C21.300.300%2CN%3Bmessageservice%2C21.100.0%2CN%3Bnsandrey.emptyinstall%2C1.0.5%2CN%3Bperfmon%2C21.0.0%2CN%3Brest%2C21.200.0%2CN%3Bsearch%2C21.0.100%2CN%3Bseo%2C21.300.0%2CN%3Bsocialservices%2C21.100.0%2CN%3Btranslate%2C21.100.0%2CN%3Bui%2C21.300.0%2CN&reqm=grain.flood&lim=Y&SUPD_SRS=RU&SUPD_CMP=N
2021-08-24 18:20:28 -  - exec CUpdateClientPartner::GetHTTPPage
2021-08-24 18:20:28 -  - TIME LoadModulesUpdates(request) 0.303 sec
2021-08-24 18:20:28 -  - exec CUpdateClientPartner::ParseServerData
2021-08-24 18:20:28 - S - STEP
2021-08-24 18:20:28 - LMU01 - LoadModulesUpdates-Step
2021-08-24 18:20:28 -  - exec CUpdateClientPartner::LoadModulesUpdates
2021-08-24 18:20:28 -  - exec CUpdateClientPartner::ParseServerData
2021-08-24 18:20:28 -  - loadFile
2021-08-24 18:20:32 - U - RETURN
2021-08-24 18:20:32 -  - exec CUpdateClientPartner::UnGzipArchive
2021-08-24 18:20:33 -  - TIME UnGzipArchive 0.865 sec
2021-08-24 18:20:34 -  - TIME UpdateStepModules 0.964 sec
2021-08-24 18:20:34 - UPD_SUCCESS - Updated: grain.flood
2021-08-24 18:20:34 -  - exec CUpdateClientPartner::LoadModulesUpdates
2021-08-24 18:20:34 -  - exec CUpdateClientPartner::__CollectRequestData
2021-08-24 18:20:34 -  - utf=Y&lang=ru&stable=Y&CANGZIP=Y&SUPD_DBS=MYSQL&XE=N&CLIENT_SITE=test-x-page2&LICENSE_KEY=X&SUPD_STS=1&SUPD_URS=0&SUPD_URSA=1&TYPENC=D&CLIENT_PHPVER=7.3.2&NGINX=Y&dbv=5.7.25&instm=main%2C21.400.100%2CY%3Bb24connector%2C21.0.0%2CN%3Bbitrix.sitecorporate%2C15.5.0%2CN%3Bbitrixcloud%2C21.0.0%2CN%3Bclouds%2C21.100.0%2CN%3Bfileman%2C21.200.0%2CN%3Bgrain.flood%2C1.0.0%2CN%3Bhighloadblock%2C21.100.0%2CN%3Biblock%2C21.400.100%2CN%3Blanding%2C21.300.300%2CN%3Bmessageservice%2C21.100.0%2CN%3Bnsandrey.emptyinstall%2C1.0.5%2CN%3Bperfmon%2C21.0.0%2CN%3Brest%2C21.200.0%2CN%3Bsearch%2C21.0.100%2CN%3Bseo%2C21.300.0%2CN%3Bsocialservices%2C21.100.0%2CN%3Btranslate%2C21.100.0%2CN%3Bui%2C21.300.0%2CN&reqm=grain.flood&lim=Y&SUPD_SRS=RU&SUPD_CMP=N
2021-08-24 18:20:34 -  - exec CUpdateClientPartner::GetHTTPPage
2021-08-24 18:20:34 -  - TIME LoadModulesUpdates(request) 0.301 sec
2021-08-24 18:20:34 -  - exec CUpdateClientPartner::ParseServerData
2021-08-24 18:20:34 - STEP - Finish - NOUPDATES
2021-08-24 18:20:34 - STEP - Finish - NOUPDATES
2021-08-24 18:20:38 -  - exec CUpdateClientPartner::GetUpdatesList
2021-08-24 18:20:38 -  - exec CUpdateClientPartner::__CollectRequestData
2021-08-24 18:20:38 -  - utf=Y&lang=ru&stable=Y&CANGZIP=Y&SUPD_DBS=MYSQL&XE=N&CLIENT_SITE=test-x-page2&LICENSE_KEY=X&SUPD_STS=1&SUPD_URS=0&SUPD_URSA=1&TYPENC=D&CLIENT_PHPVER=7.3.2&NGINX=Y&dbv=5.7.25&instm=main%2C21.400.100%2CY%3Bb24connector%2C21.0.0%2CN%3Bbitrix.sitecorporate%2C15.5.0%2CN%3Bbitrixcloud%2C21.0.0%2CN%3Bclouds%2C21.100.0%2CN%3Bfileman%2C21.200.0%2CN%3Bgrain.flood%2C1.0.0%2CN%3Bhighloadblock%2C21.100.0%2CN%3Biblock%2C21.400.100%2CN%3Blanding%2C21.300.300%2CN%3Bmessageservice%2C21.100.0%2CN%3Bnsandrey.emptyinstall%2C1.0.5%2CN%3Bperfmon%2C21.0.0%2CN%3Brest%2C21.200.0%2CN%3Bsearch%2C21.0.100%2CN%3Bseo%2C21.300.0%2CN%3Bsocialservices%2C21.100.0%2CN%3Btranslate%2C21.100.0%2CN%3Bui%2C21.300.0%2CN&reqm=bitrix.sitecorporate%2Cgrain.flood%2Cnsandrey.emptyinstall&fullmoduleinfo=Y&SUPD_SRS=RU&SUPD_CMP=N
2021-08-24 18:20:38 -  - exec CUpdateClientPartner::GetHTTPPage
2021-08-24 18:20:38 -  - TIME GetUpdatesList(request) 0.293 sec
2021-08-24 18:20:38 -  - exec CUpdateClientPartner::ParseServerData
2021-08-25 20:34:21 -  - exec CUpdateClientPartner::GetUpdatesList
2021-08-25 20:34:21 -  - exec CUpdateClientPartner::__CollectRequestData
2021-08-25 20:34:21 -  - utf=Y&lang=ru&stable=Y&CANGZIP=Y&SUPD_DBS=MYSQL&XE=N&CLIENT_SITE=test-x-page2&LICENSE_KEY=X&SUPD_STS=1&SUPD_URS=0&SUPD_URSA=1&TYPENC=D&CLIENT_PHPVER=7.3.2&NGINX=Y&dbv=5.7.25&instm=main%2C21.400.100%2CY%3Bb24connector%2C21.0.0%2CN%3Bbitrix.sitecorporate%2C15.5.0%2CN%3Bbitrixcloud%2C21.0.0%2CN%3Bclouds%2C21.100.0%2CN%3Bfileman%2C21.200.0%2CN%3Bgrain.flood%2C1.0.0%2CN%3Bhighloadblock%2C21.100.0%2CN%3Biblock%2C21.400.100%2CN%3Blanding%2C21.300.300%2CN%3Bmessageservice%2C21.100.0%2CN%3Bnsandrey.emptyinstall%2C1.0.5%2CN%3Bperfmon%2C21.0.0%2CN%3Brest%2C21.200.0%2CN%3Bsearch%2C21.0.100%2CN%3Bseo%2C21.300.0%2CN%3Bsocialservices%2C21.100.0%2CN%3Btranslate%2C21.100.0%2CN%3Bui%2C21.300.0%2CN&reqm=bitrix.sitecorporate%2Cgrain.flood%2Cnsandrey.emptyinstall&fullmoduleinfo=Y&SUPD_SRS=RU&SUPD_CMP=N
2021-08-25 20:34:21 -  - exec CUpdateClientPartner::GetHTTPPage
2021-08-25 20:34:21 -  - TIME GetUpdatesList(request) 0.35 sec
2021-08-25 20:34:21 -  - exec CUpdateClientPartner::ParseServerData
2021-08-25 20:34:25 -  - exec CUpdateClientPartner::GetUpdatesList
2021-08-25 20:34:25 -  - exec CUpdateClientPartner::__CollectRequestData
2021-08-25 20:34:25 -  - utf=Y&lang=ru&stable=Y&CANGZIP=Y&SUPD_DBS=MYSQL&XE=N&CLIENT_SITE=test-x-page2&LICENSE_KEY=X&SUPD_STS=1&SUPD_URS=0&SUPD_URSA=1&TYPENC=D&CLIENT_PHPVER=7.3.2&NGINX=Y&dbv=5.7.25&instm=main%2C21.400.100%2CY%3Bb24connector%2C21.0.0%2CN%3Bbitrix.sitecorporate%2C15.5.0%2CN%3Bbitrixcloud%2C21.0.0%2CN%3Bclouds%2C21.100.0%2CN%3Bfileman%2C21.200.0%2CN%3Bgrain.flood%2C1.0.0%2CN%3Bhighloadblock%2C21.100.0%2CN%3Biblock%2C21.400.100%2CN%3Blanding%2C21.300.300%2CN%3Bmessageservice%2C21.100.0%2CN%3Bnsandrey.emptyinstall%2C1.0.5%2CN%3Bperfmon%2C21.0.0%2CN%3Brest%2C21.200.0%2CN%3Bsearch%2C21.0.100%2CN%3Bseo%2C21.300.0%2CN%3Bsocialservices%2C21.100.0%2CN%3Btranslate%2C21.100.0%2CN%3Bui%2C21.300.0%2CN&reqm=bitrix.sitecorporate%2Cgrain.flood%2Cnsandrey.emptyinstall&fullmoduleinfo=Y&SUPD_SRS=RU&SUPD_CMP=N
2021-08-25 20:34:25 -  - exec CUpdateClientPartner::GetHTTPPage
2021-08-25 20:34:26 -  - TIME GetUpdatesList(request) 0.289 sec
2021-08-25 20:34:26 -  - exec CUpdateClientPartner::ParseServerData
2021-08-25 20:34:32 -  - exec CUpdateClientPartner::GetUpdatesList
2021-08-25 20:34:32 -  - exec CUpdateClientPartner::__CollectRequestData
2021-08-25 20:34:32 -  - utf=Y&lang=ru&stable=Y&CANGZIP=Y&SUPD_DBS=MYSQL&XE=N&CLIENT_SITE=test-x-page2&LICENSE_KEY=X&SUPD_STS=1&SUPD_URS=0&SUPD_URSA=1&TYPENC=D&CLIENT_PHPVER=7.3.2&NGINX=Y&dbv=5.7.25&instm=main%2C21.400.100%2CY%3Bb24connector%2C21.0.0%2CN%3Bbitrix.sitecorporate%2C15.5.0%2CN%3Bbitrixcloud%2C21.0.0%2CN%3Bclouds%2C21.100.0%2CN%3Bfileman%2C21.200.0%2CN%3Bgrain.flood%2C1.0.0%2CN%3Bhighloadblock%2C21.100.0%2CN%3Biblock%2C21.400.100%2CN%3Blanding%2C21.300.300%2CN%3Bmessageservice%2C21.100.0%2CN%3Bnsandrey.emptyinstall%2C1.0.5%2CN%3Bperfmon%2C21.0.0%2CN%3Brest%2C21.200.0%2CN%3Bsearch%2C21.0.100%2CN%3Bseo%2C21.300.0%2CN%3Bsocialservices%2C21.100.0%2CN%3Btranslate%2C21.100.0%2CN%3Bui%2C21.300.0%2CN&reqm=bitrix.sitecorporate%2Cgrain.flood%2Cnsandrey.emptyinstall&SUPD_SRS=RU&SUPD_CMP=N
2021-08-25 20:34:32 -  - exec CUpdateClientPartner::GetHTTPPage
2021-08-25 20:34:32 -  - TIME GetUpdatesList(request) 0.295 sec
2021-08-25 20:34:32 -  - exec CUpdateClientPartner::ParseServerData
2021-08-25 20:34:40 -  - exec CUpdateClientPartner::GetUpdatesList
2021-08-25 20:34:40 -  - exec CUpdateClientPartner::__CollectRequestData
2021-08-25 20:34:40 -  - utf=Y&lang=ru&stable=Y&CANGZIP=Y&SUPD_DBS=MYSQL&XE=N&CLIENT_SITE=test-x-page2&LICENSE_KEY=X&SUPD_STS=1&SUPD_URS=0&SUPD_URSA=1&TYPENC=D&CLIENT_PHPVER=7.3.2&NGINX=Y&dbv=5.7.25&instm=main%2C21.400.100%2CY%3Bb24connector%2C21.0.0%2CN%3Bbitrix.sitecorporate%2C15.5.0%2CN%3Bbitrixcloud%2C21.0.0%2CN%3Bclouds%2C21.100.0%2CN%3Bfileman%2C21.200.0%2CN%3Bgrain.flood%2C1.0.0%2CN%3Bhighloadblock%2C21.100.0%2CN%3Biblock%2C21.400.100%2CN%3Blanding%2C21.300.300%2CN%3Bmessageservice%2C21.100.0%2CN%3Bnsandrey.emptyinstall%2C1.0.5%2CN%3Bperfmon%2C21.0.0%2CN%3Brest%2C21.200.0%2CN%3Bsearch%2C21.0.100%2CN%3Bseo%2C21.300.0%2CN%3Bsocialservices%2C21.100.0%2CN%3Btranslate%2C21.100.0%2CN%3Bui%2C21.300.0%2CN&reqm=bitrix.sitecorporate%2Cgrain.flood%2Cnsandrey.emptyinstall%2Casd.agents&SUPD_SRS=RU&SUPD_CMP=N
2021-08-25 20:34:40 -  - exec CUpdateClientPartner::GetHTTPPage
2021-08-25 20:34:40 -  - TIME GetUpdatesList(request) 0.297 sec
2021-08-25 20:34:40 -  - exec CUpdateClientPartner::ParseServerData
2021-08-25 20:34:45 -  - exec CUpdateClientPartner::LoadModulesUpdates
2021-08-25 20:34:45 -  - exec CUpdateClientPartner::__CollectRequestData
2021-08-25 20:34:45 -  - utf=Y&lang=ru&stable=Y&CANGZIP=Y&SUPD_DBS=MYSQL&XE=N&CLIENT_SITE=test-x-page2&LICENSE_KEY=X&SUPD_STS=1&SUPD_URS=0&SUPD_URSA=1&TYPENC=D&CLIENT_PHPVER=7.3.2&NGINX=Y&dbv=5.7.25&instm=main%2C21.400.100%2CY%3Bb24connector%2C21.0.0%2CN%3Bbitrix.sitecorporate%2C15.5.0%2CN%3Bbitrixcloud%2C21.0.0%2CN%3Bclouds%2C21.100.0%2CN%3Bfileman%2C21.200.0%2CN%3Bgrain.flood%2C1.0.0%2CN%3Bhighloadblock%2C21.100.0%2CN%3Biblock%2C21.400.100%2CN%3Blanding%2C21.300.300%2CN%3Bmessageservice%2C21.100.0%2CN%3Bnsandrey.emptyinstall%2C1.0.5%2CN%3Bperfmon%2C21.0.0%2CN%3Brest%2C21.200.0%2CN%3Bsearch%2C21.0.100%2CN%3Bseo%2C21.300.0%2CN%3Bsocialservices%2C21.100.0%2CN%3Btranslate%2C21.100.0%2CN%3Bui%2C21.300.0%2CN&reqm=asd.agents&lim=Y&SUPD_SRS=RU&SUPD_CMP=N
2021-08-25 20:34:45 -  - exec CUpdateClientPartner::GetHTTPPage
2021-08-25 20:34:45 -  - TIME LoadModulesUpdates(request) 0.267 sec
2021-08-25 20:34:45 -  - exec CUpdateClientPartner::ParseServerData
2021-08-25 20:34:45 - S - STEP
2021-08-25 20:34:45 - LMU01 - LoadModulesUpdates-Step
2021-08-25 20:34:45 -  - exec CUpdateClientPartner::LoadModulesUpdates
2021-08-25 20:34:45 -  - exec CUpdateClientPartner::ParseServerData
2021-08-25 20:34:45 -  - loadFile
2021-08-25 20:34:45 - U - RETURN
2021-08-25 20:34:45 -  - exec CUpdateClientPartner::UnGzipArchive
2021-08-25 20:34:45 -  - TIME UnGzipArchive 0.063 sec
2021-08-25 20:34:45 -  - TIME UpdateStepModules 0.021 sec
2021-08-25 20:34:45 - UPD_SUCCESS - Updated: asd.agents
2021-08-25 20:34:46 -  - exec CUpdateClientPartner::LoadModulesUpdates
2021-08-25 20:34:46 -  - exec CUpdateClientPartner::__CollectRequestData
2021-08-25 20:34:46 -  - utf=Y&lang=ru&stable=Y&CANGZIP=Y&SUPD_DBS=MYSQL&XE=N&CLIENT_SITE=test-x-page2&LICENSE_KEY=X&SUPD_STS=1&SUPD_URS=0&SUPD_URSA=1&TYPENC=D&CLIENT_PHPVER=7.3.2&NGINX=Y&dbv=5.7.25&instm=main%2C21.400.100%2CY%3Basd.agents%2C1.0.0%2CN%3Bb24connector%2C21.0.0%2CN%3Bbitrix.sitecorporate%2C15.5.0%2CN%3Bbitrixcloud%2C21.0.0%2CN%3Bclouds%2C21.100.0%2CN%3Bfileman%2C21.200.0%2CN%3Bgrain.flood%2C1.0.0%2CN%3Bhighloadblock%2C21.100.0%2CN%3Biblock%2C21.400.100%2CN%3Blanding%2C21.300.300%2CN%3Bmessageservice%2C21.100.0%2CN%3Bnsandrey.emptyinstall%2C1.0.5%2CN%3Bperfmon%2C21.0.0%2CN%3Brest%2C21.200.0%2CN%3Bsearch%2C21.0.100%2CN%3Bseo%2C21.300.0%2CN%3Bsocialservices%2C21.100.0%2CN%3Btranslate%2C21.100.0%2CN%3Bui%2C21.300.0%2CN&reqm=asd.agents&lim=Y&SUPD_SRS=RU&SUPD_CMP=N
2021-08-25 20:34:46 -  - exec CUpdateClientPartner::GetHTTPPage
2021-08-25 20:34:46 -  - TIME LoadModulesUpdates(request) 0.297 sec
2021-08-25 20:34:46 -  - exec CUpdateClientPartner::ParseServerData
2021-08-25 20:34:46 - S - STEP
2021-08-25 20:34:46 - LMU01 - LoadModulesUpdates-Step
2021-08-25 20:34:46 -  - exec CUpdateClientPartner::LoadModulesUpdates
2021-08-25 20:34:46 -  - exec CUpdateClientPartner::ParseServerData
2021-08-25 20:34:46 -  - loadFile
2021-08-25 20:34:46 - U - RETURN
2021-08-25 20:34:46 -  - exec CUpdateClientPartner::UnGzipArchive
2021-08-25 20:34:46 -  - TIME UnGzipArchive 0.035 sec
2021-08-25 20:34:46 - CSURUS1 - Run updater '/bitrix/updates/update_m1629905686/asd.agents/updater1.0.2.php'
2021-08-25 20:34:46 -  - TIME UpdateStepModules 0.009 sec
2021-08-25 20:34:47 - UPD_SUCCESS - Updated: asd.agents (1.0.2)<br>Исправление под последние обновления Битрикс.
2021-08-25 20:34:47 -  - exec CUpdateClientPartner::LoadModulesUpdates
2021-08-25 20:34:47 -  - exec CUpdateClientPartner::__CollectRequestData
2021-08-25 20:34:47 -  - utf=Y&lang=ru&stable=Y&CANGZIP=Y&SUPD_DBS=MYSQL&XE=N&CLIENT_SITE=test-x-page2&LICENSE_KEY=X&SUPD_STS=1&SUPD_URS=0&SUPD_URSA=1&TYPENC=D&CLIENT_PHPVER=7.3.2&NGINX=Y&dbv=5.7.25&instm=main%2C21.400.100%2CY%3Basd.agents%2C1.0.2%2CN%3Bb24connector%2C21.0.0%2CN%3Bbitrix.sitecorporate%2C15.5.0%2CN%3Bbitrixcloud%2C21.0.0%2CN%3Bclouds%2C21.100.0%2CN%3Bfileman%2C21.200.0%2CN%3Bgrain.flood%2C1.0.0%2CN%3Bhighloadblock%2C21.100.0%2CN%3Biblock%2C21.400.100%2CN%3Blanding%2C21.300.300%2CN%3Bmessageservice%2C21.100.0%2CN%3Bnsandrey.emptyinstall%2C1.0.5%2CN%3Bperfmon%2C21.0.0%2CN%3Brest%2C21.200.0%2CN%3Bsearch%2C21.0.100%2CN%3Bseo%2C21.300.0%2CN%3Bsocialservices%2C21.100.0%2CN%3Btranslate%2C21.100.0%2CN%3Bui%2C21.300.0%2CN&reqm=asd.agents&lim=Y&SUPD_SRS=RU&SUPD_CMP=N
2021-08-25 20:34:47 -  - exec CUpdateClientPartner::GetHTTPPage
2021-08-25 20:34:47 -  - TIME LoadModulesUpdates(request) 0.298 sec
2021-08-25 20:34:47 -  - exec CUpdateClientPartner::ParseServerData
2021-08-25 20:34:47 - STEP - Finish - NOUPDATES
2021-08-25 20:34:47 - STEP - Finish - NOUPDATES
2021-08-25 20:34:48 -  - exec CUpdateClientPartner::GetUpdatesList
2021-08-25 20:34:49 -  - exec CUpdateClientPartner::__CollectRequestData
2021-08-25 20:34:49 -  - utf=Y&lang=ru&stable=Y&CANGZIP=Y&SUPD_DBS=MYSQL&XE=N&CLIENT_SITE=test-x-page2&LICENSE_KEY=X&SUPD_STS=1&SUPD_URS=0&SUPD_URSA=1&TYPENC=D&CLIENT_PHPVER=7.3.2&NGINX=Y&dbv=5.7.25&instm=main%2C21.400.100%2CY%3Basd.agents%2C1.0.2%2CN%3Bb24connector%2C21.0.0%2CN%3Bbitrix.sitecorporate%2C15.5.0%2CN%3Bbitrixcloud%2C21.0.0%2CN%3Bclouds%2C21.100.0%2CN%3Bfileman%2C21.200.0%2CN%3Bgrain.flood%2C1.0.0%2CN%3Bhighloadblock%2C21.100.0%2CN%3Biblock%2C21.400.100%2CN%3Blanding%2C21.300.300%2CN%3Bmessageservice%2C21.100.0%2CN%3Bnsandrey.emptyinstall%2C1.0.5%2CN%3Bperfmon%2C21.0.0%2CN%3Brest%2C21.200.0%2CN%3Bsearch%2C21.0.100%2CN%3Bseo%2C21.300.0%2CN%3Bsocialservices%2C21.100.0%2CN%3Btranslate%2C21.100.0%2CN%3Bui%2C21.300.0%2CN&reqm=asd.agents%2Cbitrix.sitecorporate%2Cgrain.flood%2Cnsandrey.emptyinstall&fullmoduleinfo=Y&SUPD_SRS=RU&SUPD_CMP=N
2021-08-25 20:34:49 -  - exec CUpdateClientPartner::GetHTTPPage
2021-08-25 20:34:49 -  - TIME GetUpdatesList(request) 0.298 sec
2021-08-25 20:34:49 -  - exec CUpdateClientPartner::ParseServerData
2021-08-28 19:16:22 -  - exec CUpdateClientPartner::GetUpdatesList
2021-08-28 19:16:22 -  - exec CUpdateClientPartner::__CollectRequestData
2021-08-28 19:16:22 -  - utf=Y&lang=ru&stable=Y&CANGZIP=Y&SUPD_DBS=MYSQL&XE=N&CLIENT_SITE=test-x-page2&LICENSE_KEY=X&SUPD_STS=1&SUPD_URS=0&SUPD_URSA=1&TYPENC=D&CLIENT_PHPVER=7.3.2&NGINX=Y&dbv=5.7.25&instm=main%2C21.400.100%2CY%3Basd.agents%2C1.0.2%2CN%3Bb24connector%2C21.0.0%2CN%3Bbitrix.sitecorporate%2C15.5.0%2CN%3Bbitrixcloud%2C21.0.0%2CN%3Bclouds%2C21.100.0%2CN%3Bfileman%2C21.200.0%2CN%3Bgrain.flood%2C1.0.0%2CN%3Bhighloadblock%2C21.100.0%2CN%3Biblock%2C21.400.100%2CN%3Blanding%2C21.300.300%2CN%3Bmessageservice%2C21.100.0%2CN%3Bnsandrey.emptyinstall%2C1.0.5%2CN%3Bperfmon%2C21.0.0%2CN%3Brest%2C21.200.0%2CN%3Bsearch%2C21.0.100%2CN%3Bseo%2C21.300.0%2CN%3Bsocialservices%2C21.100.0%2CN%3Btranslate%2C21.100.0%2CN%3Bui%2C21.300.0%2CN&reqm=asd.agents%2Cbitrix.sitecorporate%2Cgrain.flood%2Cnsandrey.emptyinstall&fullmoduleinfo=Y&SUPD_SRS=RU&SUPD_CMP=N
2021-08-28 19:16:22 -  - exec CUpdateClientPartner::GetHTTPPage
2021-08-28 19:16:23 -  - TIME GetUpdatesList(request) 0.43 sec
2021-08-28 19:16:23 -  - exec CUpdateClientPartner::ParseServerData
